c:\work\code\privateprojects\screenpriniter\llhook\debug\llhook.pch
c:\work\code\privateprojects\screenpriniter\llhook\debug\stdafx.obj
c:\work\code\privateprojects\screenpriniter\llhook\debug\vc110.pdb
c:\work\code\privateprojects\screenpriniter\llhook\debug\dllmain.obj
c:\work\code\privateprojects\screenpriniter\llhook\debug\llhook.obj
c:\work\code\privateprojects\screenpriniter\debug\llhook.ilk
c:\work\code\privateprojects\screenpriniter\debug\llhook.dll
c:\work\code\privateprojects\screenpriniter\debug\llhook.pdb
c:\work\code\privateprojects\screenpriniter\debug\llhook.lib
c:\work\code\privateprojects\screenpriniter\debug\llhook.exp
c:\work\code\privateprojects\screenpriniter\llhook\debug\cl.command.1.tlog
c:\work\code\privateprojects\screenpriniter\llhook\debug\cl.read.1.tlog
c:\work\code\privateprojects\screenpriniter\llhook\debug\cl.write.1.tlog
c:\work\code\privateprojects\screenpriniter\llhook\debug\link-cvtres.read.1.tlog
c:\work\code\privateprojects\screenpriniter\llhook\debug\link-cvtres.write.1.tlog
c:\work\code\privateprojects\screenpriniter\llhook\debug\link-rc.read.1.tlog
c:\work\code\privateprojects\screenpriniter\llhook\debug\link-rc.write.1.tlog
c:\work\code\privateprojects\screenpriniter\llhook\debug\link.command.1.tlog
c:\work\code\privateprojects\screenpriniter\llhook\debug\link.read.1.tlog
c:\work\code\privateprojects\screenpriniter\llhook\debug\link.write.1.tlog
c:\work\code\privateprojects\screenpriniter\llhook\debug\llhook.write.1.tlog
c:\work\code\privateprojects\screenpriniter\llhook\debug\vc110.idb
