c:\work\code\privateprojects\screenpriniter\screenpriniter\debug\commandserver.obj
c:\work\code\privateprojects\screenpriniter\screenpriniter\debug\main.obj
c:\work\code\privateprojects\screenpriniter\screenpriniter\debug\messagerproxy.obj
c:\work\code\privateprojects\screenpriniter\screenpriniter\debug\printscreen.obj
c:\work\code\privateprojects\screenpriniter\screenpriniter\debug\stdafx.obj
c:\work\code\privateprojects\screenpriniter\screenpriniter\debug\vc110.pdb
c:\work\code\privateprojects\screenpriniter\debug\screenpriniter.ilk
c:\work\code\privateprojects\screenpriniter\debug\screenpriniter.exe
c:\work\code\privateprojects\screenpriniter\debug\screenpriniter.pdb
c:\work\code\privateprojects\screenpriniter\screenpriniter\debug\cl.command.1.tlog
c:\work\code\privateprojects\screenpriniter\screenpriniter\debug\cl.read.1.tlog
c:\work\code\privateprojects\screenpriniter\screenpriniter\debug\cl.write.1.tlog
c:\work\code\privateprojects\screenpriniter\screenpriniter\debug\link-cvtres.read.1.tlog
c:\work\code\privateprojects\screenpriniter\screenpriniter\debug\link-cvtres.write.1.tlog
c:\work\code\privateprojects\screenpriniter\screenpriniter\debug\link-rc.read.1.tlog
c:\work\code\privateprojects\screenpriniter\screenpriniter\debug\link-rc.write.1.tlog
c:\work\code\privateprojects\screenpriniter\screenpriniter\debug\link.command.1.tlog
c:\work\code\privateprojects\screenpriniter\screenpriniter\debug\link.read.1.tlog
c:\work\code\privateprojects\screenpriniter\screenpriniter\debug\link.write.1.tlog
c:\work\code\privateprojects\screenpriniter\screenpriniter\debug\vc110.idb
