Build started 9/11/2013 10:09:39 AM.
     1>Project "C:\work\code\PrivateProjects\ScreenPriniter\ScreenPriniter\ScreenPriniter.vcxproj" on node 2 (Rebuild target(s)).
     1>ClCompile:
         C:\Program Files (x86)\Microsoft Visual Studio 12.0\VC\bin\CL.exe /c /I..\llhook /ZI /nologo /W3 /WX- /Od /Oy- /D WIN32 /D _DEBUG /D _WINDOWS /D _UNICODE /D UNICODE /Gm /EHsc /RTC1 /MTd /GS /fp:precise /Zc:wchar_t /Zc:forScope /Fo"Debug\\" /Fd"Debug\vc120.pdb" /Gd /TP /analyze- /errorReport:prompt CommandServer.cpp main.cpp MessagerProxy.cpp PrintScreen.cpp stdafx.cpp
         stdafx.cpp
         PrintScreen.cpp
         MessagerProxy.cpp
         main.cpp
         CommandServer.cpp
         Generating Code...
       Link:
         C:\Program Files (x86)\Microsoft Visual Studio 12.0\VC\bin\link.exe /ERRORREPORT:PROMPT /OUT:"C:\work\code\PrivateProjects\ScreenPriniter\Debug\ScreenPriniter.exe" /INCREMENTAL /NOLOGO kernel32.lib user32.lib gdi32.lib winspool.lib comdlg32.lib advapi32.lib shell32.lib ole32.lib oleaut32.lib uuid.lib odbc32.lib odbccp32.lib kernel32.lib user32.lib gdi32.lib winspool.lib comdlg32.lib advapi32.lib shell32.lib ole32.lib oleaut32.lib uuid.lib odbc32.lib odbccp32.lib C:\work\code\PrivateProjects\ScreenPriniter\Debug\llhook.lib /MANIFEST /MANIFESTUAC:"level='asInvoker' uiAccess='false'" /manifest:embed /DEBUG /PDB:"C:\work\code\PrivateProjects\ScreenPriniter\Debug\ScreenPriniter.pdb" /SUBSYSTEM:WINDOWS /TLBID:1 /DYNAMICBASE /NXCOMPAT /IMPLIB:"C:\work\code\PrivateProjects\ScreenPriniter\Debug\ScreenPriniter.lib" /MACHINE:X86 Debug\CommandServer.obj
         Debug\main.obj
         Debug\MessagerProxy.obj
         Debug\PrintScreen.obj
         Debug\stdafx.obj
         ScreenPriniter.vcxproj -> C:\work\code\PrivateProjects\ScreenPriniter\Debug\ScreenPriniter.exe
     1>Done Building Project "C:\work\code\PrivateProjects\ScreenPriniter\ScreenPriniter\ScreenPriniter.vcxproj" (Rebuild target(s)).

Build succeeded.

Time Elapsed 00:00:03.09
